0	1	mikroCARM.exe -MSF -DBG -pSTM32F107VC -BIN -LHF -DL -SSA -O11111114 -fo72 -N"D:\Click_Cloud\Ambient_4_click\example\c\ARM\STM\Cloud_demo\Click_Ambient4_STM.mcpar" -SP"C:\Users\Public\Documents\Mikroelektronika\mikroC PRO for ARM\Defs\" -SP"C:\Users\Public\Documents\Mikroelektronika\mikroC PRO for ARM\Uses\ST M3\" -SP"D:\Click_Cloud\Ambient_4_click\example\c\ARM\STM\Cloud_demo\" -SP"D:\Click_Cloud\Ambient_4_click\library\HAL\" -SP"D:\Click_Cloud\Ambient_4_click\library\" -SP"C:\Users\Public\Documents\Mikroelektronika\mikroC PRO for ARM\Packages\mikroBUS Board Definition API\Uses\" -SP"C:\Users\Public\Documents\Mikroelektronika\mikroC PRO for ARM\Packages\Cloud Click\Uses\" -IP"C:\Users\Public\Documents\Mikroelektronika\mikroC PRO for ARM\Uses\ST M3\" -IP"D:\Click_Cloud\Ambient_4_click\example\c\ARM\STM\Cloud_demo\" -IP"D:\Click_Cloud\Ambient_4_click\library\" -IP"D:\Click_Cloud\Ambient_4_click\library\HAL\" -IP"C:\Users\Public\Documents\Mikroelektronika\mikroC PRO for ARM\Packages\mikroBUS Board Definition API\Uses\" -IP"C:\Users\Public\Documents\Mikroelektronika\mikroC PRO for ARM\Packages\Cloud Click\Uses\" "Click_Ambient4_STM.c" "__ambient4_driver.c" "__Lib_Math.emcl" "__Lib_MathDouble.emcl" "__Lib_Delays.emcl" "__Lib_System_105_107.emcl" "__Lib_GPIO_32F10x_Defs.emcl" "__Lib_GPIO_32F10x.emcl" "__Lib_CString.emcl" "__Lib_Conversions.emcl" "__Lib_I2C_12.emcl" "__Lib_UART_123_45.emcl" "easymx_v7_STM32F107VC.emcl" "Cloud_STM32_M3.emcl" "Click_Ambient4.pld"	 
diagnostics: 0	122	Compilation Started	stdint.h
hint: 0	1004	interrupt handler (Timer_interrupt at 0x002C)	click_ambient4_timer.h
diagnostics: 160	123	Compiled Successfully	Click_Ambient4_STM.c
hint: 58	1164	Variable 'evArgs' has been eliminated by optimizer	Click_Ambient4_STM.c
hint: 133	1164	Variable 'ambientValue' has been eliminated by optimizer	Click_Ambient4_STM.c
diagnostics: 0	122	Compilation Started	stdint.h
diagnostics: 103	123	Compiled Successfully	__ambient4_driver.c
hint: 323	1164	Variable 'tmp' has been eliminated by optimizer	__ambient4_driver.c
hint: 84	1164	Variable 'tmp' has been eliminated by optimizer	__ambient4_driver.c
hint: 101	1164	Variable 'ptr' has been eliminated by optimizer	__ambient4_driver.c
hint: 109	1164	Variable 'ptr' has been eliminated by optimizer	__ambient4_driver.c
diagnostics: 0	127	All files Compiled in 390 ms	 
hint: 0	1144	Used RX: 16 (100%)   Free RX: 0 (0%)	Used RX: 16 (100%)   Free RX: 0 (0%)
hint: 0	1144	Static RAM (bytes): 1486   Dynamic RAM (bytes): 64045	Static RAM (bytes): 1486   Dynamic RAM (bytes): 64045
hint: 0	1144	Used ROM (bytes): 13711 (5%)  Free ROM (bytes): 248433 (95%)	Used ROM (bytes): 13711 (5%)  Free ROM (bytes): 248433 (95%)
diagnostics: 0	125	Project Linked Successfully	Click_Ambient4_STM.mcpar
diagnostics: 0	128	Linked in 250 ms	 
diagnostics: 0	129	Project 'Click_Ambient4_STM.mcpar' completed: 750 ms	 
diagnostics: 0	103	Finished successfully: 17 okt 2018, 15:46:31	Click_Ambient4_STM.mcpar
